{"C:\\Users\\Hp\\Desktop\\Huluagerie\\models\\site.js":{"path":"C:\\Users\\Hp\\Desktop\\Huluagerie\\models\\site.js","s":{"1":1,"2":1,"3":1,"4":1,"5":1,"6":1,"7":1},"b":{},"f":{},"fnMap":{},"statementMap":{"1":{"start":{"line":1,"column":0},"end":{"line":1,"column":35}},"2":{"start":{"line":2,"column":0},"end":{"line":2,"column":29}},"3":{"start":{"line":4,"column":0},"end":{"line":4,"column":48}},"4":{"start":{"line":5,"column":0},"end":{"line":5,"column":50}},"5":{"start":{"line":6,"column":0},"end":{"line":6,"column":48}},"6":{"start":{"line":8,"column":0},"end":{"line":40,"column":3}},"7":{"start":{"line":42,"column":0},"end":{"line":45,"column":1}}},"branchMap":{}},"C:\\Users\\Hp\\Desktop\\Huluagerie\\models\\address.js":{"path":"C:\\Users\\Hp\\Desktop\\Huluagerie\\models\\address.js","s":{"1":1,"2":1,"3":1,"4":1},"b":{},"f":{},"fnMap":{},"statementMap":{"1":{"start":{"line":1,"column":0},"end":{"line":1,"column":37}},"2":{"start":{"line":2,"column":0},"end":{"line":2,"column":29}},"3":{"start":{"line":4,"column":0},"end":{"line":17,"column":3}},"4":{"start":{"line":19,"column":0},"end":{"line":22,"column":1}}},"branchMap":{}},"C:\\Users\\Hp\\Desktop\\Huluagerie\\models\\artifact.js":{"path":"C:\\Users\\Hp\\Desktop\\Huluagerie\\models\\artifact.js","s":{"1":1,"2":1,"3":1,"4":1},"b":{},"f":{},"fnMap":{},"statementMap":{"1":{"start":{"line":1,"column":0},"end":{"line":1,"column":37}},"2":{"start":{"line":2,"column":0},"end":{"line":2,"column":29}},"3":{"start":{"line":4,"column":0},"end":{"line":13,"column":3}},"4":{"start":{"line":15,"column":0},"end":{"line":18,"column":1}}},"branchMap":{}},"C:\\Users\\Hp\\Desktop\\Huluagerie\\models\\service.js":{"path":"C:\\Users\\Hp\\Desktop\\Huluagerie\\models\\service.js","s":{"1":1,"2":1,"3":1,"4":1},"b":{},"f":{},"fnMap":{},"statementMap":{"1":{"start":{"line":1,"column":0},"end":{"line":1,"column":37}},"2":{"start":{"line":2,"column":0},"end":{"line":2,"column":29}},"3":{"start":{"line":4,"column":0},"end":{"line":16,"column":3}},"4":{"start":{"line":18,"column":0},"end":{"line":21,"column":1}}},"branchMap":{}},"C:\\Users\\Hp\\Desktop\\Huluagerie\\models\\prac.js":{"path":"C:\\Users\\Hp\\Desktop\\Huluagerie\\models\\prac.js","s":{"1":1,"2":1,"3":1,"4":1},"b":{},"f":{},"fnMap":{},"statementMap":{"1":{"start":{"line":1,"column":0},"end":{"line":1,"column":35}},"2":{"start":{"line":2,"column":0},"end":{"line":2,"column":29}},"3":{"start":{"line":4,"column":0},"end":{"line":18,"column":3}},"4":{"start":{"line":20,"column":0},"end":{"line":20,"column":52}}},"branchMap":{}},"C:\\Users\\Hp\\Desktop\\Huluagerie\\models\\user.js":{"path":"C:\\Users\\Hp\\Desktop\\Huluagerie\\models\\user.js","s":{"1":1,"2":1,"3":1,"4":1},"b":{},"f":{},"fnMap":{},"statementMap":{"1":{"start":{"line":1,"column":0},"end":{"line":1,"column":37}},"2":{"start":{"line":2,"column":0},"end":{"line":2,"column":29}},"3":{"start":{"line":4,"column":0},"end":{"line":14,"column":3}},"4":{"start":{"line":16,"column":0},"end":{"line":19,"column":1}}},"branchMap":{}}}